<?xml version="1.0" encoding="UTF-8"?>
<!-- Generated by org.testng.reporters.JUnitXMLReporter -->
<testsuite ignored="0" hostname="DESKTOP-QGG7OKB" failures="1" tests="1" name="Test" time="6.467" errors="0" timestamp="2020-06-06T01:44:14 CEST">
  <testcase classname="SpiceJet.SearchTest" name="@AfterTest screenShot" time="0.41">
    <failure type="java.lang.NullPointerException">
      <![CDATA[java.lang.NullPointerException
at SpiceJet.SearchTest.screenShot(SearchTest.java:67)
... Removed 24 stack frames]]>
    </failure>
  </testcase> <!-- @AfterTest screenShot -->
  <testcase classname="SpiceJet.SearchTest" name="searchFlights" time="0.016">
    <failure type="java.lang.NullPointerException">
      <![CDATA[java.lang.NullPointerException
at SpiceJet.SearchTest.searchFlights(SearchTest.java:25)
at java.base/java.util.ArrayList.forEach(ArrayList.java:1507)
... Removed 27 stack frames]]>
    </failure>
  </testcase> <!-- searchFlights -->
</testsuite> <!-- Test -->
