<?xml version="1.0" encoding="UTF-8"?>
<testng-results ignored="0" total="2" passed="2" failed="0" skipped="0">
  <reporter-output>
  </reporter-output>
  <suite started-at="2020-06-07T13:59:36 CEST" name="Default suite" finished-at="2020-06-07T14:00:16 CEST" duration-ms="39731">
    <groups>
    </groups>
    <test started-at="2020-06-07T13:59:36 CEST" name="Default test" finished-at="2020-06-07T14:00:16 CEST" duration-ms="39731">
      <class name="SpiceJet.SearchFlights">
        <test-method is-config="true" signature="openBrowser()[pri:0, instance:SpiceJet.SearchFlights@223f3642]" started-at="2020-06-07T13:59:36 CEST" name="openBrowser" finished-at="2020-06-07T13:59:44 CEST" duration-ms="8197" status="PASS">
          <reporter-output>
          </reporter-output>
        </test-method> <!-- openBrowser -->
        <test-method signature="oneWayTravel()[pri:0, instance:SpiceJet.SearchFlights@223f3642]" started-at="2020-06-07T13:59:44 CEST" name="oneWayTravel" finished-at="2020-06-07T13:59:54 CEST" duration-ms="9747" status="PASS">
          <reporter-output>
          </reporter-output>
        </test-method> <!-- oneWayTravel -->
        <test-method is-config="true" signature="closBrowser()[pri:0, instance:SpiceJet.SearchFlights@223f3642]" started-at="2020-06-07T13:59:54 CEST" name="closBrowser" finished-at="2020-06-07T13:59:58 CEST" duration-ms="4299" status="PASS">
          <reporter-output>
          </reporter-output>
        </test-method> <!-- closBrowser -->
        <test-method is-config="true" signature="openBrowser()[pri:0, instance:SpiceJet.SearchFlights@223f3642]" started-at="2020-06-07T13:59:58 CEST" name="openBrowser" finished-at="2020-06-07T14:00:07 CEST" duration-ms="8030" status="PASS">
          <reporter-output>
          </reporter-output>
        </test-method> <!-- openBrowser -->
        <test-method signature="roundTravel()[pri:0, instance:SpiceJet.SearchFlights@223f3642]" started-at="2020-06-07T14:00:07 CEST" name="roundTravel" finished-at="2020-06-07T14:00:16 CEST" duration-ms="9043" status="PASS">
          <reporter-output>
          </reporter-output>
        </test-method> <!-- roundTravel -->
        <test-method is-config="true" signature="closBrowser()[pri:0, instance:SpiceJet.SearchFlights@223f3642]" started-at="2020-06-07T14:00:16 CEST" name="closBrowser" finished-at="2020-06-07T14:00:16 CEST" duration-ms="370" status="PASS">
          <reporter-output>
          </reporter-output>
        </test-method> <!-- closBrowser -->
      </class> <!-- SpiceJet.SearchFlights -->
    </test> <!-- Default test -->
  </suite> <!-- Default suite -->
</testng-results>
